{"level":"info","message":"GET en /css/ - 2023-05-22T20:17:53.218Z"}
{"level":"info","message":"GET en /css/ - 2023-05-22T20:17:53.437Z"}
{"level":"info","message":"GET en /css/ - 2023-05-22T20:17:55.531Z"}
{"level":"info","message":"GET en /loggerTest - 2023-05-22T20:18:01.899Z"}
{"level":"info","message":"GET en /loggerTest - 2023-05-22T20:19:33.257Z"}
{"level":"info","message":"GET en /loggerTest - 2023-05-22T20:39:29.404Z"}
[32minfo[39m: [32mGET en /loggerTest - 2023-05-22T20:43:42.442Z[39m
[32minfo[39m: [32mGET en /css/ - 2023-05-22T20:45:31.234Z[39m
[32minfo[39m: [32mGET en /loggerTest - 2023-05-22T21:11:16.848Z[39m
[32minfo[39m: [32mGET en /loggerTest - 2023-05-22T21:14:03.461Z[39m
[32minfo[39m: [32mGET en /loggerTest - 2023-05-22T21:14:30.351Z[39m
[31mfatal[39m: [31mGET en /loggerTest - 2023-05-22T21:14:30.352Z[39m
[31mfatal[39m: [31mPrueba fatal[39m
[31merror[39m: [31mPrueba error[39m
[33mwarning[39m: [33mPrueba warning[39m
[32minfo[39m: [32mPrueba info[39m
[32minfo[39m: [32mGET en /loggerTest - 2023-05-22T21:16:37.507Z[39m
[31mfatal[39m: [31mGET en /loggerTest - 2023-05-22T21:16:37.508Z[39m
[31mfatal[39m: [31mPrueba fatal[39m
[31merror[39m: [31mPrueba error[39m
[33mwarning[39m: [33mPrueba warning[39m
[32minfo[39m: [32mPrueba info[39m
[32minfo[39m: [32mGET en /loggerTest - 2023-05-22T21:18:22.405Z[39m
[31mfatal[39m: [31mGET en /loggerTest - 2023-05-22T21:18:22.406Z[39m
[31mfatal[39m: [31mPrueba fatal[39m
[31merror[39m: [31mPrueba error[39m
[33mwarning[39m: [33mPrueba warning[39m
[32minfo[39m: [32mPrueba info[39m
[32minfo[39m: [32mGET en /loggerTest - 2023-05-26T20:52:06.024Z[39m
[31mfatal[39m: [31mGET en /loggerTest - 2023-05-26T20:52:06.026Z[39m
[31mfatal[39m: [31mPrueba fatal[39m
[31merror[39m: [31mPrueba error[39m
[33mwarning[39m: [33mPrueba warning[39m
[32minfo[39m: [32mPrueba info[39m
[32minfo[39m: [32mGET en /favicon.ico - 2023-05-26T20:52:06.206Z[39m
[31mfatal[39m: [31mGET en /favicon.ico - 2023-05-26T20:52:06.206Z[39m
[32minfo[39m: [32mGET en /loggerTest - 2023-05-26T20:52:08.118Z[39m
[31mfatal[39m: [31mGET en /loggerTest - 2023-05-26T20:52:08.119Z[39m
[31mfatal[39m: [31mPrueba fatal[39m
[31merror[39m: [31mPrueba error[39m
[33mwarning[39m: [33mPrueba warning[39m
[32minfo[39m: [32mPrueba info[39m
[32minfo[39m: [32mGET en /loggerTest - 2023-05-26T20:52:50.398Z[39m
[31mfatal[39m: [31mGET en /loggerTest - 2023-05-26T20:52:50.398Z[39m
[31mfatal[39m: [31mPrueba fatal[39m
[31merror[39m: [31mPrueba error[39m
[33mwarning[39m: [33mPrueba warning[39m
[32minfo[39m: [32mPrueba info[39m
[32minfo[39m: [32mGET en /loggerTest - 2023-05-27T20:23:28.597Z[39m
[31mfatal[39m: [31mGET en /loggerTest - 2023-05-27T20:23:28.598Z[39m
[31mfatal[39m: [31mPrueba fatal[39m
[31merror[39m: [31mPrueba error[39m
[33mwarning[39m: [33mPrueba warning[39m
[32minfo[39m: [32mPrueba info[39m
[32minfo[39m: [32mGET en /favicon.ico - 2023-05-27T20:23:28.781Z[39m
[31mfatal[39m: [31mGET en /favicon.ico - 2023-05-27T20:23:28.781Z[39m
[32minfo[39m: [32mGET en /css/ - 2023-05-27T20:23:32.136Z[39m
[31mfatal[39m: [31mGET en /css/ - 2023-05-27T20:23:32.136Z[39m
[32minfo[39m: [32mGET en /css/ - 2023-05-27T20:36:14.982Z[39m
[31mfatal[39m: [31mGET en /css/ - 2023-05-27T20:36:14.983Z[39m
[32minfo[39m: [32mGET en /css/ - 2023-05-27T20:41:06.733Z[39m
[31mfatal[39m: [31mGET en /css/ - 2023-05-27T20:41:06.734Z[39m
[32minfo[39m: [32mGET en /css/ - 2023-05-27T20:42:31.538Z[39m
[31mfatal[39m: [31mGET en /css/ - 2023-05-27T20:42:31.539Z[39m
[32minfo[39m: [32mGET en /css/ - 2023-05-27T21:00:48.179Z[39m
[31mfatal[39m: [31mGET en /css/ - 2023-05-27T21:00:48.180Z[39m
[32minfo[39m: [32mGET en /css/ - 2023-05-27T21:03:59.420Z[39m
[31mfatal[39m: [31mGET en /css/ - 2023-05-27T21:03:59.421Z[39m
[32minfo[39m: [32mGET en /css/ - 2023-05-27T21:04:03.924Z[39m
[31mfatal[39m: [31mGET en /css/ - 2023-05-27T21:04:03.924Z[39m
[32minfo[39m: [32mGET en /css/ - 2023-05-27T21:04:18.092Z[39m
[31mfatal[39m: [31mGET en /css/ - 2023-05-27T21:04:18.092Z[39m
[32minfo[39m: [32mGET en /css/ - 2023-05-27T21:04:20.339Z[39m
[31mfatal[39m: [31mGET en /css/ - 2023-05-27T21:04:20.339Z[39m
[32minfo[39m: [32mGET en /css/ - 2023-05-27T21:04:26.380Z[39m
[31mfatal[39m: [31mGET en /css/ - 2023-05-27T21:04:26.381Z[39m
[32minfo[39m: [32mGET en /css/ - 2023-05-27T21:04:35.915Z[39m
[31mfatal[39m: [31mGET en /css/ - 2023-05-27T21:04:35.915Z[39m
[32minfo[39m: [32mGET en /css/ - 2023-05-27T21:08:54.026Z[39m
[31mfatal[39m: [31mGET en /css/ - 2023-05-27T21:08:54.027Z[39m
[32minfo[39m: [32mGET en /api/sessions/products - 2023-05-27T21:08:56.646Z[39m
[31mfatal[39m: [31mGET en /api/sessions/products - 2023-05-27T21:08:56.647Z[39m
[32minfo[39m: [32mGET en /api/auth/github-callback?code=6af5455cc6f56e43861e - 2023-05-27T21:11:44.251Z[39m
[31mfatal[39m: [31mGET en /api/auth/github-callback?code=6af5455cc6f56e43861e - 2023-05-27T21:11:44.252Z[39m
[32minfo[39m: [32mGET en /api/css/ - 2023-05-27T21:11:55.288Z[39m
[31mfatal[39m: [31mGET en /api/css/ - 2023-05-27T21:11:55.290Z[39m
[32minfo[39m: [32mGET en /api/css/ - 2023-05-27T21:12:02.800Z[39m
[31mfatal[39m: [31mGET en /api/css/ - 2023-05-27T21:12:02.801Z[39m
[32minfo[39m: [32mGET en /css/ - 2023-05-27T21:12:05.138Z[39m
[31mfatal[39m: [31mGET en /css/ - 2023-05-27T21:12:05.138Z[39m
[32minfo[39m: [32mGET en /api/css/ - 2023-05-27T21:14:39.176Z[39m
[31mfatal[39m: [31mGET en /api/css/ - 2023-05-27T21:14:39.177Z[39m
[32minfo[39m: [32mGET en /css/ - 2023-05-27T21:14:44.517Z[39m
[31mfatal[39m: [31mGET en /css/ - 2023-05-27T21:14:44.518Z[39m
[32minfo[39m: [32mGET en /api/sessions/products - 2023-05-27T21:14:49.129Z[39m
[31mfatal[39m: [31mGET en /api/sessions/products - 2023-05-27T21:14:49.130Z[39m
[32minfo[39m: [32mGET en /css/ - 2023-05-27T21:15:32.189Z[39m
[31mfatal[39m: [31mGET en /css/ - 2023-05-27T21:15:32.190Z[39m
[32minfo[39m: [32mGET en /api/auth/products - 2023-05-27T21:15:35.142Z[39m
[31mfatal[39m: [31mGET en /api/auth/products - 2023-05-27T21:15:35.143Z[39m
[32minfo[39m: [32mGET en /api/css/ - 2023-05-27T21:15:55.942Z[39m
[31mfatal[39m: [31mGET en /api/css/ - 2023-05-27T21:15:55.943Z[39m
[32minfo[39m: [32mGET en /css/ - 2023-05-27T21:15:58.660Z[39m
[31mfatal[39m: [31mGET en /css/ - 2023-05-27T21:15:58.660Z[39m
[32minfo[39m: [32mGET en /css/ - 2023-05-27T21:16:13.463Z[39m
[31mfatal[39m: [31mGET en /css/ - 2023-05-27T21:16:13.464Z[39m
[32minfo[39m: [32mGET en /css/ - 2023-05-27T21:17:22.132Z[39m
[31mfatal[39m: [31mGET en /css/ - 2023-05-27T21:17:22.133Z[39m
[32minfo[39m: [32mGET en /api/auth/products - 2023-05-27T21:17:24.608Z[39m
[31mfatal[39m: [31mGET en /api/auth/products - 2023-05-27T21:17:24.609Z[39m
[32minfo[39m: [32mGET en /api/auth/products - 2023-05-27T21:17:31.143Z[39m
[31mfatal[39m: [31mGET en /api/auth/products - 2023-05-27T21:17:31.144Z[39m
[32minfo[39m: [32mGET en /api/auth/products - 2023-05-27T21:17:31.441Z[39m
[31mfatal[39m: [31mGET en /api/auth/products - 2023-05-27T21:17:31.441Z[39m
[32minfo[39m: [32mGET en /api/auth/products - 2023-05-27T21:17:31.658Z[39m
[31mfatal[39m: [31mGET en /api/auth/products - 2023-05-27T21:17:31.658Z[39m
[32minfo[39m: [32mGET en /api/auth/products - 2023-05-27T21:17:31.950Z[39m
[31mfatal[39m: [31mGET en /api/auth/products - 2023-05-27T21:17:31.950Z[39m
[32minfo[39m: [32mGET en /api/auth/products - 2023-05-27T21:17:32.186Z[39m
[31mfatal[39m: [31mGET en /api/auth/products - 2023-05-27T21:17:32.186Z[39m
[32minfo[39m: [32mGET en /css/ - 2023-05-27T21:17:41.349Z[39m
[31mfatal[39m: [31mGET en /css/ - 2023-05-27T21:17:41.350Z[39m
[32minfo[39m: [32mGET en /css/ - 2023-05-27T21:17:44.777Z[39m
[31mfatal[39m: [31mGET en /css/ - 2023-05-27T21:17:44.777Z[39m
[32minfo[39m: [32mGET en /api/sessions/github - 2023-05-27T21:20:22.348Z[39m
[31mfatal[39m: [31mGET en /api/sessions/github - 2023-05-27T21:20:22.349Z[39m
[32minfo[39m: [32mGET en /api/sessions/github - 2023-05-27T21:20:26.429Z[39m
[31mfatal[39m: [31mGET en /api/sessions/github - 2023-05-27T21:20:26.429Z[39m
[32minfo[39m: [32mGET en /api/css/ - 2023-05-27T21:21:24.639Z[39m
[31mfatal[39m: [31mGET en /api/css/ - 2023-05-27T21:21:24.640Z[39m
[32minfo[39m: [32mGET en /css/ - 2023-05-27T21:21:27.918Z[39m
[31mfatal[39m: [31mGET en /css/ - 2023-05-27T21:21:27.919Z[39m
[32minfo[39m: [32mGET en /api/css/ - 2023-05-27T21:21:30.917Z[39m
[31mfatal[39m: [31mGET en /api/css/ - 2023-05-27T21:21:30.918Z[39m
[32minfo[39m: [32mGET en /css/ - 2023-05-27T21:21:33.752Z[39m
[31mfatal[39m: [31mGET en /css/ - 2023-05-27T21:21:33.752Z[39m
[32minfo[39m: [32mGET en /api/auth/github-callback?code=b22b107808df9893272f - 2023-05-27T21:22:35.184Z[39m
[31mfatal[39m: [31mGET en /api/auth/github-callback?code=b22b107808df9893272f - 2023-05-27T21:22:35.184Z[39m
[32minfo[39m: [32mGET en /api/auth/github-callback?code=14d0f36efe5b4967afc7 - 2023-05-27T21:28:37.766Z[39m
[31mfatal[39m: [31mGET en /api/auth/github-callback?code=14d0f36efe5b4967afc7 - 2023-05-27T21:28:37.766Z[39m
[32minfo[39m: [32mGET en /api/auth/github-callback?code=1e014c73fcbbe4cb7d5d - 2023-05-27T21:30:46.399Z[39m
[31mfatal[39m: [31mGET en /api/auth/github-callback?code=1e014c73fcbbe4cb7d5d - 2023-05-27T21:30:46.399Z[39m
[32minfo[39m: [32mGET en /api/auth/github-callback?code=5dabce9940adddc7b85d - 2023-05-27T21:31:16.787Z[39m
[31mfatal[39m: [31mGET en /api/auth/github-callback?code=5dabce9940adddc7b85d - 2023-05-27T21:31:16.788Z[39m
[32minfo[39m: [32mGET en /api/css/ - 2023-05-27T21:31:24.627Z[39m
[31mfatal[39m: [31mGET en /api/css/ - 2023-05-27T21:31:24.627Z[39m
[32minfo[39m: [32mGET en /css/ - 2023-05-27T21:32:48.512Z[39m
[31mfatal[39m: [31mGET en /css/ - 2023-05-27T21:32:48.512Z[39m
[32minfo[39m: [32mGET en /css/ - 2023-05-27T21:33:46.807Z[39m
[31mfatal[39m: [31mGET en /css/ - 2023-05-27T21:33:46.807Z[39m
[32minfo[39m: [32mGET en /api/auth/github-callback?code=9ca09b0a43037cfe2aa7 - 2023-05-27T21:33:51.170Z[39m
[31mfatal[39m: [31mGET en /api/auth/github-callback?code=9ca09b0a43037cfe2aa7 - 2023-05-27T21:33:51.170Z[39m
[32minfo[39m: [32mGET en /api/auth/github-callback?code=a544431a6faecf76637a - 2023-05-27T21:36:05.120Z[39m
[31mfatal[39m: [31mGET en /api/auth/github-callback?code=a544431a6faecf76637a - 2023-05-27T21:36:05.121Z[39m
[32minfo[39m: [32mGET en /css/ - 2023-05-27T21:40:48.886Z[39m
[31mfatal[39m: [31mGET en /css/ - 2023-05-27T21:40:48.887Z[39m
[32minfo[39m: [32mGET en /api/auth/github-callback?code=95a1f9cc8273cdefb75a - 2023-05-27T21:40:50.657Z[39m
[31mfatal[39m: [31mGET en /api/auth/github-callback?code=95a1f9cc8273cdefb75a - 2023-05-27T21:40:50.658Z[39m
[32minfo[39m: [32mGET en /api/auth/github-callback?code=a36d103020fab3381164 - 2023-05-27T21:41:11.113Z[39m
[31mfatal[39m: [31mGET en /api/auth/github-callback?code=a36d103020fab3381164 - 2023-05-27T21:41:11.114Z[39m
[32minfo[39m: [32mGET en /api/css/ - 2023-05-27T21:43:50.760Z[39m
[31mfatal[39m: [31mGET en /api/css/ - 2023-05-27T21:43:50.761Z[39m
[32minfo[39m: [32mGET en /css/ - 2023-05-27T21:43:53.770Z[39m
[31mfatal[39m: [31mGET en /css/ - 2023-05-27T21:43:53.770Z[39m
[32minfo[39m: [32mGET en /css/ - 2023-05-27T21:43:57.103Z[39m
[31mfatal[39m: [31mGET en /css/ - 2023-05-27T21:43:57.103Z[39m
[32minfo[39m: [32mGET en /api/css/ - 2023-05-27T21:44:04.053Z[39m
[31mfatal[39m: [31mGET en /api/css/ - 2023-05-27T21:44:04.053Z[39m
[32minfo[39m: [32mGET en /css/ - 2023-05-27T21:44:06.587Z[39m
[31mfatal[39m: [31mGET en /css/ - 2023-05-27T21:44:06.587Z[39m
[32minfo[39m: [32mGET en /products - 2023-05-27T21:44:25.616Z[39m
[31mfatal[39m: [31mGET en /products - 2023-05-27T21:44:25.617Z[39m
[32minfo[39m: [32mGET en /css/ - 2023-05-27T21:44:38.440Z[39m
[31mfatal[39m: [31mGET en /css/ - 2023-05-27T21:44:38.441Z[39m
[32minfo[39m: [32mGET en /css/ - 2023-05-27T21:48:33.755Z[39m
[31mfatal[39m: [31mGET en /css/ - 2023-05-27T21:48:33.756Z[39m
[32minfo[39m: [32mGET en /css/ - 2023-05-27T21:48:44.745Z[39m
[31mfatal[39m: [31mGET en /css/ - 2023-05-27T21:48:44.746Z[39m
[32minfo[39m: [32mGET en /css/ - 2023-05-27T21:48:59.729Z[39m
[31mfatal[39m: [31mGET en /css/ - 2023-05-27T21:48:59.730Z[39m
[32minfo[39m: [32mGET en /css/ - 2023-05-27T21:49:09.414Z[39m
[31mfatal[39m: [31mGET en /css/ - 2023-05-27T21:49:09.414Z[39m
[32minfo[39m: [32mGET en /css/ - 2023-05-27T21:49:12.663Z[39m
[31mfatal[39m: [31mGET en /css/ - 2023-05-27T21:49:12.664Z[39m
[32minfo[39m: [32mGET en /css/ - 2023-05-27T21:49:18.130Z[39m
[31mfatal[39m: [31mGET en /css/ - 2023-05-27T21:49:18.131Z[39m
[32minfo[39m: [32mGET en /css/ - 2023-05-27T22:02:51.864Z[39m
[31mfatal[39m: [31mGET en /css/ - 2023-05-27T22:02:51.865Z[39m
[32minfo[39m: [32mGET en /css/ - 2023-05-27T22:03:06.261Z[39m
[31mfatal[39m: [31mGET en /css/ - 2023-05-27T22:03:06.262Z[39m
[32minfo[39m: [32mGET en /css/ - 2023-05-27T22:03:55.167Z[39m
[31mfatal[39m: [31mGET en /css/ - 2023-05-27T22:03:55.168Z[39m
[32minfo[39m: [32mGET en /css/ - 2023-05-27T22:06:25.270Z[39m
[31mfatal[39m: [31mGET en /css/ - 2023-05-27T22:06:25.270Z[39m
[32minfo[39m: [32mGET en /api/css/ - 2023-05-27T22:06:28.112Z[39m
[31mfatal[39m: [31mGET en /api/css/ - 2023-05-27T22:06:28.112Z[39m
[32minfo[39m: [32mGET en /css/ - 2023-05-27T22:06:31.095Z[39m
[31mfatal[39m: [31mGET en /css/ - 2023-05-27T22:06:31.096Z[39m
